17:41:44 **** Incremental Build of configuration Debug for project mini_project4 ****
make all 
Building file: ../main.c
Invoking: AVR Compiler
avr-gcc -Wall -g2 -gstabs -O0 -fpack-struct -fshort-enums -ffunction-sections -fdata-sections -std=gnu99 -funsigned-char -funsigned-bitfields -mmcu=atmega32 -DF_CPU=8000000UL -MMD -MP -MF"main.d" -MT"main.o" -c -o "main.o" "../main.c"
In file included from ../main.c:10:
c:/winavr-20100110/lib/gcc/../../avr/include/util/delay.h:90:3: warning: #warning "Compiler optimizations disabled; functions from <util/delay.h> won't work as designed"
Finished building: ../main.c
 
Building target: mini_project4.elf
Invoking: AVR C Linker
avr-gcc -Wl,-Map,mini_project4.map -mmcu=atmega32 -o "mini_project4.elf"  ./gpio.o ./icu.o ./lcd.o ./main.o ./us.o   
Finished building target: mini_project4.elf
 
Invoking: AVR Create Extended Listing
avr-objdump -h -S mini_project4.elf  >"mini_project4.lss"
Finished building: mini_project4.lss
 
Invoking: Print Size
avr-size --format=avr --mcu=atmega32 mini_project4.elf
AVR Memory Usage
----------------
Device: atmega32

Program:    9746 bytes (29.7% Full)
(.text + .data + .bootloader)

Data:        287 bytes (14.0% Full)
(.data + .bss + .noinit)


Finished building: sizedummy
 

17:41:44 Build Finished. 0 errors, 1 warnings. (took 509ms)

